#
# There is insufficient memory for the Java Runtime Environment to continue.
# Native memory allocation (malloc) failed to allocate 897456 bytes for Chunk::new
# Possible reasons:
#   The system is out of physical RAM or swap space
#   In 32 bit mode, the process size limit was hit
# Possible solutions:
#   Reduce memory load on the system
#   Increase physical memory or swap space
#   Check if swap backing store is full
#   Use 64 bit Java on a 64 bit OS
#   Decrease Java heap size (-Xmx/-Xms)
#   Decrease number of Java threads
#   Decrease Java thread stack sizes (-Xss)
#   Set larger code cache with -XX:ReservedCodeCacheSize=
# This output file may be truncated or incomplete.
#
#  Out of Memory Error (allocation.cpp:390), pid=6436, tid=6148
#
# JRE version: Java(TM) SE Runtime Environment (8.0_20-b26) (build 1.8.0_20-b26)
# Java VM: Java HotSpot(TM) 64-Bit Server VM (25.20-b23 mixed mode windows-amd64 compressed oops)
# Failed to write core dump. Minidumps are not enabled by default on client versions of Windows
#

---------------  T H R E A D  ---------------

Current thread (0x0000000015375000):  JavaThread "C2 CompilerThread0" daemon [_thread_in_native, id=6148, stack(0x00000000162c0000,0x00000000163c0000)]

Stack: [0x00000000162c0000,0x00000000163c0000]
Native frames: (J=compiled Java code, j=interpreted, Vv=VM code, C=native code)
V  [jvm.dll+0x3152fa]


Current CompileTask:
C2:   8815 1438       4       com.android.dx.ssa.LocalVariableExtractor::processBlock (383 bytes)


---------------  P R O C E S S  ---------------

Java Threads: ( => current thread )
  0x00000000153cc800 JavaThread "Service Thread" daemon [_thread_blocked, id=6752, stack(0x00000000164c0000,0x00000000165c0000)]
  0x00000000153c9800 JavaThread "C1 CompilerThread1" daemon [_thread_blocked, id=5464, stack(0x00000000163c0000,0x00000000164c0000)]
=>0x0000000015375000 JavaThread "C2 CompilerThread0" daemon [_thread_in_native, id=6148, stack(0x00000000162c0000,0x00000000163c0000)]
  0x0000000015384800 JavaThread "Attach Listener" daemon [_thread_blocked, id=6916, stack(0x00000000161c0000,0x00000000162c0000)]
  0x0000000015381800 JavaThread "Signal Dispatcher" daemon [_thread_blocked, id=6804, stack(0x00000000160c0000,0x00000000161c0000)]
  0x000000001533a000 JavaThread "Finalizer" daemon [_thread_blocked, id=4240, stack(0x0000000015fc0000,0x00000000160c0000)]
  0x0000000015332000 JavaThread "Reference Handler" daemon [_thread_blocked, id=2372, stack(0x0000000015ec0000,0x0000000015fc0000)]
  0x0000000002ded800 JavaThread "main" [_thread_in_Java, id=7028, stack(0x0000000002c40000,0x0000000002d40000)]

Other Threads:
  0x000000001532b800 VMThread [stack: 0x0000000015dc0000,0x0000000015ec0000] [id=6116]
  0x00000000153cd800 WatcherThread [stack: 0x00000000165c0000,0x00000000166c0000] [id=6280]

VM state:not at safepoint (normal execution)

VM Mutex/Monitor currently owned by a thread: None

Heap:
 PSYoungGen      total 28672K, used 10706K [0x00000000eab00000, 0x00000000ee300000, 0x0000000100000000)
  eden space 24576K, 27% used [0x00000000eab00000,0x00000000eb17aee8,0x00000000ec300000)
  from space 4096K, 99% used [0x00000000ec300000,0x00000000ec6f9c98,0x00000000ec700000)
  to   space 4096K, 0% used [0x00000000edf00000,0x00000000edf00000,0x00000000ee300000)
 ParOldGen       total 65536K, used 1364K [0x00000000c0000000, 0x00000000c4000000, 0x00000000eab00000)
  object space 65536K, 2% used [0x00000000c0000000,0x00000000c01552d8,0x00000000c4000000)
 Metaspace       used 5833K, capacity 7024K, committed 7296K, reserved 1056768K
  class space    used 555K, capacity 616K, committed 640K, reserved 1048576K

Card table byte_map: [0x00000000122b0000,0x00000000124c0000] byte_map_base: 0x0000000011cb0000

Marking Bits: (ParMarkBitMap*) 0x000000006445b460
 Begin Bits: [0x0000000012820000, 0x0000000013820000)
 End Bits:   [0x0000000013820000, 0x0000000014820000)

Polling page: 0x0000000001220000

CodeCache: size=245760Kb used=6074Kb max_used=6084Kb free=239685Kb
 bounds [0x0000000002ef0000, 0x00000000034f0000, 0x0000000011ef0000]
 total_blobs=1697 nmethods=1438 adapters=174
 compilation: enabled

Compilation events (10 events):
Event: 8.710 Thread 0x00000000153c9800 nmethod 1434 0x0000000003499850 code [0x00000000034999c0, 0x0000000003499c68]
Event: 8.710 Thread 0x00000000153c9800 1435       3       com.android.dx.dex.code.RopTranslator::translateAndGetResult (48 bytes)
Event: 8.711 Thread 0x00000000153c9800 nmethod 1435 0x00000000034e1490 code [0x00000000034e1660, 0x00000000034e1b98]
Event: 8.711 Thread 0x00000000153c9800 1436       3       com.android.dx.dex.code.OutputCollector::appendSuffixToOutput (45 bytes)
Event: 8.712 Thread 0x00000000153c9800 nmethod 1436 0x00000000034e1e10 code [0x00000000034e2020, 0x00000000034e2ad8]
Event: 8.715 Thread 0x0000000015375000 1437       4       com.android.dx.rop.type.Type::isCategory2 (36 bytes)
Event: 8.716 Thread 0x0000000015375000 nmethod 1437 0x0000000003455690 code [0x00000000034557c0, 0x0000000003455838]
Event: 8.717 Thread 0x0000000015375000 1438       4       com.android.dx.ssa.LocalVariableExtractor::processBlock (383 bytes)
Event: 8.797 Thread 0x00000000153c9800 1439       3       com.android.dx.rop.cst.CstKnownNull::getType (4 bytes)
Event: 8.797 Thread 0x00000000153c9800 nmethod 1439 0x00000000034d1e10 code [0x00000000034d1f60, 0x00000000034d20b0]

GC Heap History (2 events):
Event: 6.880 GC heap before
{Heap before GC invocations=1 (full 0):
 PSYoungGen      total 28672K, used 24576K [0x00000000eab00000, 0x00000000ecb00000, 0x0000000100000000)
  eden space 24576K, 100% used [0x00000000eab00000,0x00000000ec300000,0x00000000ec300000)
  from space 4096K, 0% used [0x00000000ec700000,0x00000000ec700000,0x00000000ecb00000)
  to   space 4096K, 0% used [0x00000000ec300000,0x00000000ec300000,0x00000000ec700000)
 ParOldGen       total 65536K, used 0K [0x00000000c0000000, 0x00000000c4000000, 0x00000000eab00000)
  object space 65536K, 0% used [0x00000000c0000000,0x00000000c0000000,0x00000000c4000000)
 Metaspace       used 5803K, capacity 7024K, committed 7296K, reserved 1056768K
  class space    used 554K, capacity 616K, committed 640K, reserved 1048576K
Event: 7.203 GC heap after
Heap after GC invocations=1 (full 0):
 PSYoungGen      total 28672K, used 4071K [0x00000000eab00000, 0x00000000ee300000, 0x0000000100000000)
  eden space 24576K, 0% used [0x00000000eab00000,0x00000000eab00000,0x00000000ec300000)
  from space 4096K, 99% used [0x00000000ec300000,0x00000000ec6f9c98,0x00000000ec700000)
  to   space 4096K, 0% used [0x00000000edf00000,0x00000000edf00000,0x00000000ee300000)
 ParOldGen       total 65536K, used 1364K [0x00000000c0000000, 0x00000000c4000000, 0x00000000eab00000)
  object space 65536K, 2% used [0x00000000c0000000,0x00000000c01552d8,0x00000000c4000000)
 Metaspace       used 5803K, capacity 7024K, committed 7296K, reserved 1056768K
  class space    used 554K, capacity 616K, committed 640K, reserved 1048576K
}

Deoptimization events (0 events):
No events

Internal exceptions (10 events):
Event: 3.987 Thread 0x0000000002ded800 Exception <a 'java/security/PrivilegedActionException'> (0x00000000eb796910) thrown at [D:\re\workspace\8-2-build-windows-amd64-cygwin\jdk8u20\1074\hotspot\src\share\vm\prims\jvm.cpp, line 1275]
Event: 3.989 Thread 0x0000000002ded800 Exception <a 'java/security/PrivilegedActionException'> (0x00000000eb79b9f0) thrown at [D:\re\workspace\8-2-build-windows-amd64-cygwin\jdk8u20\1074\hotspot\src\share\vm\prims\jvm.cpp, line 1275]
Event: 4.073 Thread 0x0000000002ded800 Exception <a 'java/security/PrivilegedActionException'> (0x00000000eb7d6180) thrown at [D:\re\workspace\8-2-build-windows-amd64-cygwin\jdk8u20\1074\hotspot\src\share\vm\prims\jvm.cpp, line 1275]
Event: 4.546 Thread 0x0000000002ded800 Exception <a 'java/security/PrivilegedActionException'> (0x00000000eb914c78) thrown at [D:\re\workspace\8-2-build-windows-amd64-cygwin\jdk8u20\1074\hotspot\src\share\vm\prims\jvm.cpp, line 1275]
Event: 4.757 Thread 0x0000000002ded800 Exception <a 'java/security/PrivilegedActionException'> (0x00000000ebac0e28) thrown at [D:\re\workspace\8-2-build-windows-amd64-cygwin\jdk8u20\1074\hotspot\src\share\vm\prims\jvm.cpp, line 1275]
Event: 4.824 Thread 0x0000000002ded800 Exception <a 'java/security/PrivilegedActionException'> (0x00000000ebb019f8) thrown at [D:\re\workspace\8-2-build-windows-amd64-cygwin\jdk8u20\1074\hotspot\src\share\vm\prims\jvm.cpp, line 1275]
Event: 4.829 Thread 0x0000000002ded800 Exception <a 'java/security/PrivilegedActionException'> (0x00000000ebb040f8) thrown at [D:\re\workspace\8-2-build-windows-amd64-cygwin\jdk8u20\1074\hotspot\src\share\vm\prims\jvm.cpp, line 1275]
Event: 5.097 Thread 0x0000000002ded800 Exception <a 'java/security/PrivilegedActionException'> (0x00000000ebc31410) thrown at [D:\re\workspace\8-2-build-windows-amd64-cygwin\jdk8u20\1074\hotspot\src\share\vm\prims\jvm.cpp, line 1275]
Event: 6.412 Thread 0x0000000002ded800 Exception <a 'java/security/PrivilegedActionException'> (0x00000000ec0bb638) thrown at [D:\re\workspace\8-2-build-windows-amd64-cygwin\jdk8u20\1074\hotspot\src\share\vm\prims\jvm.cpp, line 1275]
Event: 8.102 Thread 0x0000000002ded800 Exception <a 'java/security/PrivilegedActionException'> (0x00000000eae166d0) thrown at [D:\re\workspace\8-2-build-windows-amd64-cygwin\jdk8u20\1074\hotspot\src\share\vm\prims\jvm.cpp, line 1275]

Events (10 events):
Event: 5.097 loading class com/android/dx/cf/attrib/AttEnclosingMethod
Event: 5.097 loading class com/android/dx/cf/attrib/AttEnclosingMethod done
Event: 6.412 loading class com/android/dx/dex/file/FieldAnnotationStruct
Event: 6.412 loading class com/android/dx/dex/file/FieldAnnotationStruct done
Event: 6.880 Executing VM operation: ParallelGCFailedAllocation
Event: 7.204 Executing VM operation: ParallelGCFailedAllocation done
Event: 7.204 loading class sun/misc/Cleaner
Event: 7.204 loading class sun/misc/Cleaner done
Event: 8.102 loading class com/android/dx/cf/attrib/AttExceptions
Event: 8.102 loading class com/android/dx/cf/attrib/AttExceptions done


Dynamic libraries:
0x00007ff74c390000 - 0x00007ff74c3c4000 	C:\Program Files\Java\jdk1.8.0_20\bin\java.exe
0x00007ffb78220000 - 0x00007ffb783cc000 	C:\Windows\SYSTEM32\ntdll.dll
0x00007ffb75c30000 - 0x00007ffb75d6e000 	C:\Windows\system32\KERNEL32.DLL
0x00007ffb75450000 - 0x00007ffb75565000 	C:\Windows\system32\KERNELBASE.dll
0x00007ffb73f20000 - 0x00007ffb73fae000 	C:\Windows\system32\apphelp.dll
0x00007ffb71150000 - 0x00007ffb711a3000 	C:\Windows\AppPatch\AppPatch64\AcGenral.DLL
0x00007ffb76380000 - 0x00007ffb7642a000 	C:\Windows\system32\msvcrt.dll
0x00007ffb75220000 - 0x00007ffb7524e000 	C:\Windows\SYSTEM32\SspiCli.dll
0x00007ffb76240000 - 0x00007ffb76294000 	C:\Windows\system32\SHLWAPI.dll
0x00007ffb75f10000 - 0x00007ffb76087000 	C:\Windows\system32\USER32.dll
0x00007ffb75d70000 - 0x00007ffb75f04000 	C:\Windows\system32\ole32.dll
0x00007ffb76d00000 - 0x00007ffb78219000 	C:\Windows\system32\SHELL32.dll
0x00007ffb749a0000 - 0x00007ffb749c1000 	C:\Windows\SYSTEM32\USERENV.dll
0x00007ffb76580000 - 0x00007ffb7662a000 	C:\Windows\system32\ADVAPI32.dll
0x00007ffb68d60000 - 0x00007ffb68d7e000 	C:\Windows\SYSTEM32\MPR.dll
0x00007ffb76430000 - 0x00007ffb76571000 	C:\Windows\system32\RPCRT4.dll
0x00007ffb75b60000 - 0x00007ffb75bb9000 	C:\Windows\SYSTEM32\sechost.dll
0x00007ffb76630000 - 0x00007ffb76841000 	C:\Windows\SYSTEM32\combase.dll
0x00007ffb76b50000 - 0x00007ffb76c9f000 	C:\Windows\system32\GDI32.dll
0x00007ffb75380000 - 0x00007ffb75395000 	C:\Windows\SYSTEM32\profapi.dll
0x00007ffb73950000 - 0x00007ffb73a02000 	C:\Windows\SYSTEM32\SHCORE.dll
0x00007ffb75bf0000 - 0x00007ffb75c26000 	C:\Windows\system32\IMM32.DLL
0x00007ffb768c0000 - 0x00007ffb76a12000 	C:\Windows\system32\MSCTF.dll
0x00007ffb73470000 - 0x00007ffb736ea000 	C:\Windows\WinSxS\amd64_microsoft.windows.common-controls_6595b64144ccf1df_6.0.9600.17810_none_6240b9c7ecbd0bda\COMCTL32.dll
0x0000000063800000 - 0x00000000638d2000 	C:\Program Files\Java\jdk1.8.0_20\jre\bin\msvcr100.dll
0x0000000063c80000 - 0x00000000644d8000 	C:\Program Files\Java\jdk1.8.0_20\jre\bin\server\jvm.dll
0x00007ffb71f60000 - 0x00007ffb71f69000 	C:\Windows\SYSTEM32\WSOCK32.dll
0x00007ffb6e110000 - 0x00007ffb6e132000 	C:\Windows\SYSTEM32\WINMM.dll
0x00007ffb76360000 - 0x00007ffb76367000 	C:\Windows\system32\PSAPI.DLL
0x00007ffb76850000 - 0x00007ffb768aa000 	C:\Windows\system32\WS2_32.dll
0x00007ffb6e0d0000 - 0x00007ffb6e0fa000 	C:\Windows\SYSTEM32\WINMMBASE.dll
0x00007ffb76370000 - 0x00007ffb76379000 	C:\Windows\system32\NSI.dll
0x00007ffb75570000 - 0x00007ffb755bf000 	C:\Windows\SYSTEM32\cfgmgr32.dll
0x00007ffb74170000 - 0x00007ffb74198000 	C:\Windows\SYSTEM32\DEVOBJ.dll
0x0000000063c70000 - 0x0000000063c7f000 	C:\Program Files\Java\jdk1.8.0_20\jre\bin\verify.dll
0x0000000063c40000 - 0x0000000063c68000 	C:\Program Files\Java\jdk1.8.0_20\jre\bin\java.dll
0x0000000063c20000 - 0x0000000063c36000 	C:\Program Files\Java\jdk1.8.0_20\jre\bin\zip.dll

VM Arguments:
jvm_args: -Xmx1024M -Dfile.encoding=windows-1250 -Duser.country=US -Duser.language=en -Duser.variant 
java_command: com.android.dx.command.Main --dex --output C:\adev\drag-sort-listview\demo\build\intermediates\pre-dexed\debug\internal_impl-22.1.1-2e8da10f80fd0554706c1fb459c719e529e072df.jar C:\adev\drag-sort-listview\demo\build\intermediates\exploded-aar\com.android.support\support-v4\22.1.1\jars\libs\internal_impl-22.1.1.jar
java_class_path (initial): C:\Users\Lukas\AppData\Local\Android\sdk1\build-tools\22.0.1\lib\dx.jar
Launcher Type: SUN_STANDARD

Environment Variables:
JAVA_HOME=C:\Program Files\Java\jdk1.8.0_20
PATH=C:\Program Files\ImageMagick-6.9.0-Q16;C:\ProgramData\Oracle\Java\javapath;C:\Windows\system32;C:\Windows;C:\Windows\System32\Wbem;C:\Windows\System32\WindowsPowerShell\v1.0\;C:\Program Files (x86)\Git\cmd;C:\Program Files (x86)\Git\bin;C:\dev\php56\;C:\dev\apache24\bin\;C:\Program Files\nodejs\;C:\Program Files\MongoDB 2.6 Standard\bin;C:\ProgramData\ComposerSetup\bin;C:\dev\php53\;C:\Program Files (x86)\Windows Kits\8.1\Windows Performance Toolkit\;C:\Program Files\Microsoft SQL Server\110\Tools\Binn\;C:\Program Files\MATLAB\R2014b\bin;C:\Program Files (x86)\MiKTeX 2.9\miktex\bin\;C:\Program Files\Google\Cloud SDK\google-cloud-sdk\bin;C:\Program Files\Microsoft\Web Platform Installer\;C:\Program Files (x86)\Microsoft SDKs\TypeScript\1.0\;C:\Program Files\Microsoft SQL Server\120\Tools\Binn\;C:\Program Files (x86)\Skype\Phone\;C:\Ruby22-x64\bin;C:\Users\Lukáš\AppData\Roaming\npm;C:\Program Files\Apache Software Foundation\apache-maven-3.3.1\bin;C:\Users\Lukas\AppData\Roaming\Composer\vendor\bin;C:\gradle-2.5\bin;C:\Users\Lukas\AppData\Roaming\npm
USERNAME=Lukas
OS=Windows_NT
PROCESSOR_IDENTIFIER=Intel64 Family 6 Model 23 Stepping 10, GenuineIntel



---------------  S Y S T E M  ---------------

OS: Windows 8.1 , 64 bit Build 9600 

CPU:total 2 (2 cores per cpu, 1 threads per core) family 6 model 23 stepping 10, cmov, cx8, fxsr, mmx, sse, sse2, sse3, ssse3, sse4.1, tsc

Memory: 4k page, physical 6219800k(879148k free), swap 9365528k(5224k free)

vm_info: Java HotSpot(TM) 64-Bit Server VM (25.20-b23) for windows-amd64 JRE (1.8.0_20-b26), built on Jul 30 2014 13:51:23 by "java_re" with MS VC++ 10.0 (VS2010)

time: Wed Sep 09 13:37:43 2015
elapsed time: 8 seconds (0d 0h 0m 8s)

