#
# There is insufficient memory for the Java Runtime Environment to continue.
# Native memory allocation (malloc) failed to allocate 67108880 bytes for Chunk::new
# Possible reasons:
#   The system is out of physical RAM or swap space
#   In 32 bit mode, the process size limit was hit
# Possible solutions:
#   Reduce memory load on the system
#   Increase physical memory or swap space
#   Check if swap backing store is full
#   Use 64 bit Java on a 64 bit OS
#   Decrease Java heap size (-Xmx/-Xms)
#   Decrease number of Java threads
#   Decrease Java thread stack sizes (-Xss)
#   Set larger code cache with -XX:ReservedCodeCacheSize=
# This output file may be truncated or incomplete.
#
#  Out of Memory Error (allocation.cpp:390), pid=6872, tid=6756
#
# JRE version: Java(TM) SE Runtime Environment (8.0_20-b26) (build 1.8.0_20-b26)
# Java VM: Java HotSpot(TM) 64-Bit Server VM (25.20-b23 mixed mode windows-amd64 compressed oops)
# Failed to write core dump. Minidumps are not enabled by default on client versions of Windows
#

---------------  T H R E A D  ---------------

Current thread (0x0000000014c25000):  JavaThread "C2 CompilerThread0" daemon [_thread_in_native, id=6756, stack(0x0000000015b60000,0x0000000015c60000)]

Stack: [0x0000000015b60000,0x0000000015c60000]
Native frames: (J=compiled Java code, j=interpreted, Vv=VM code, C=native code)
V  [jvm.dll+0x3152fa]
V  [jvm.dll+0x265d03]
V  [jvm.dll+0x266943]
V  [jvm.dll+0x25e265]
V  [jvm.dll+0xbe255]
V  [jvm.dll+0xbe6fc]
V  [jvm.dll+0xf3878]
V  [jvm.dll+0x45df30]
V  [jvm.dll+0x45e1ea]
V  [jvm.dll+0x45f0cf]
V  [jvm.dll+0x461191]
V  [jvm.dll+0x4635c5]
V  [jvm.dll+0x463f4c]
V  [jvm.dll+0x464293]
V  [jvm.dll+0x451093]
V  [jvm.dll+0x452634]
V  [jvm.dll+0x435fc2]
V  [jvm.dll+0x97b62]
V  [jvm.dll+0x98353]
V  [jvm.dll+0x22aac4]
V  [jvm.dll+0x283f5a]
C  [msvcr100.dll+0x21d9f]
C  [msvcr100.dll+0x21e3b]
C  [KERNEL32.DLL+0x13d2]
C  [ntdll.dll+0x15454]


Current CompileTask:
C2:  23611 1733   !   4       com.android.dx.cf.code.Ropper::processBlock (1101 bytes)


---------------  P R O C E S S  ---------------

Java Threads: ( => current thread )
  0x0000000014c7c800 JavaThread "Service Thread" daemon [_thread_blocked, id=6180, stack(0x0000000015d60000,0x0000000015e60000)]
  0x0000000014c79800 JavaThread "C1 CompilerThread1" daemon [_thread_blocked, id=6740, stack(0x0000000015c60000,0x0000000015d60000)]
=>0x0000000014c25000 JavaThread "C2 CompilerThread0" daemon [_thread_in_native, id=6756, stack(0x0000000015b60000,0x0000000015c60000)]
  0x0000000014c34800 JavaThread "Attach Listener" daemon [_thread_blocked, id=6444, stack(0x0000000015a60000,0x0000000015b60000)]
  0x0000000014c31800 JavaThread "Signal Dispatcher" daemon [_thread_blocked, id=4156, stack(0x0000000015960000,0x0000000015a60000)]
  0x0000000014bea000 JavaThread "Finalizer" daemon [_thread_blocked, id=6636, stack(0x0000000015860000,0x0000000015960000)]
  0x0000000014be2000 JavaThread "Reference Handler" daemon [_thread_blocked, id=5636, stack(0x0000000015760000,0x0000000015860000)]
  0x000000000258d800 JavaThread "main" [_thread_in_Java, id=6328, stack(0x0000000002590000,0x0000000002690000)]

Other Threads:
  0x0000000014bdb800 VMThread [stack: 0x0000000015660000,0x0000000015760000] [id=2248]
  0x0000000014c7d800 WatcherThread [stack: 0x0000000015e60000,0x0000000015f60000] [id=6928]

VM state:not at safepoint (normal execution)

VM Mutex/Monitor currently owned by a thread: None

Heap:
 PSYoungGen      total 214016K, used 104707K [0x00000000eab00000, 0x00000000f9900000, 0x0000000100000000)
  eden space 193536K, 43% used [0x00000000eab00000,0x00000000efe21ae0,0x00000000f6800000)
  from space 20480K, 95% used [0x00000000f7f00000,0x00000000f921f2c0,0x00000000f9300000)
  to   space 23552K, 0% used [0x00000000f6800000,0x00000000f6800000,0x00000000f7f00000)
 ParOldGen       total 65536K, used 35090K [0x00000000c0000000, 0x00000000c4000000, 0x00000000eab00000)
  object space 65536K, 53% used [0x00000000c0000000,0x00000000c2244850,0x00000000c4000000)
 Metaspace       used 6165K, capacity 7216K, committed 7296K, reserved 1056768K
  class space    used 582K, capacity 616K, committed 640K, reserved 1048576K

Card table byte_map: [0x0000000011b60000,0x0000000011d70000] byte_map_base: 0x0000000011560000

Marking Bits: (ParMarkBitMap*) 0x000000006445b460
 Begin Bits: [0x00000000120d0000, 0x00000000130d0000)
 End Bits:   [0x00000000130d0000, 0x00000000140d0000)

Polling page: 0x0000000000cf0000

CodeCache: size=245760Kb used=8237Kb max_used=8237Kb free=237522Kb
 bounds [0x00000000027a0000, 0x0000000002fc0000, 0x00000000117a0000]
 total_blobs=2153 nmethods=1894 adapters=174
 compilation: enabled

Compilation events (10 events):
Event: 23.299 Thread 0x0000000014c79800 1945       3       com.android.dx.dex.code.StdCatchBuilder::hasAnyCatches (57 bytes)
Event: 23.300 Thread 0x0000000014c79800 nmethod 1945 0x0000000002faad50 code [0x0000000002faaf40, 0x0000000002fabc78]
Event: 23.324 Thread 0x0000000014c79800 1948 %     3       com.android.dx.dex.file.CodeItem::addContents @ 142 (174 bytes)
Event: 23.326 Thread 0x0000000014c79800 nmethod 1948% 0x0000000002fac1d0 code [0x0000000002fac4e0, 0x0000000002fadee8]
Event: 23.327 Thread 0x0000000014c79800 1949       3       com.android.dx.dex.file.CodeItem::addContents (174 bytes)
Event: 23.328 Thread 0x0000000014c79800 nmethod 1949 0x0000000002faea10 code [0x0000000002faed20, 0x0000000002fb06c8]
Event: 23.334 Thread 0x0000000014c79800 1950       2       com.android.dx.dex.code.StdCatchBuilder::getCatchTypes (97 bytes)
Event: 23.335 Thread 0x0000000014c79800 nmethod 1950 0x0000000002fb1190 code [0x0000000002fb13a0, 0x0000000002fb1938]
Event: 23.455 Thread 0x0000000014c79800 1951       2       com.android.dx.rop.code.SwitchInsn::getCatches (4 bytes)
Event: 23.455 Thread 0x0000000014c79800 nmethod 1951 0x0000000002fb2090 code [0x0000000002fb21e0, 0x0000000002fb2330]

GC Heap History (10 events):
Event: 4.510 GC heap before
{Heap before GC invocations=2 (full 0):
 PSYoungGen      total 28672K, used 28650K [0x00000000eab00000, 0x00000000ee300000, 0x0000000100000000)
  eden space 24576K, 100% used [0x00000000eab00000,0x00000000ec300000,0x00000000ec300000)
  from space 4096K, 99% used [0x00000000ec300000,0x00000000ec6faaa8,0x00000000ec700000)
  to   space 4096K, 0% used [0x00000000edf00000,0x00000000edf00000,0x00000000ee300000)
 ParOldGen       total 65536K, used 1428K [0x00000000c0000000, 0x00000000c4000000, 0x00000000eab00000)
  object space 65536K, 2% used [0x00000000c0000000,0x00000000c0165220,0x00000000c4000000)
 Metaspace       used 5797K, capacity 7024K, committed 7296K, reserved 1056768K
  class space    used 550K, capacity 616K, committed 640K, reserved 1048576K
Event: 4.609 GC heap after
Heap after GC invocations=2 (full 0):
 PSYoungGen      total 53248K, used 4064K [0x00000000eab00000, 0x00000000ee300000, 0x0000000100000000)
  eden space 49152K, 0% used [0x00000000eab00000,0x00000000eab00000,0x00000000edb00000)
  from space 4096K, 99% used [0x00000000edf00000,0x00000000ee2f8028,0x00000000ee300000)
  to   space 4096K, 0% used [0x00000000edb00000,0x00000000edb00000,0x00000000edf00000)
 ParOldGen       total 65536K, used 4765K [0x00000000c0000000, 0x00000000c4000000, 0x00000000eab00000)
  object space 65536K, 7% used [0x00000000c0000000,0x00000000c04a74b8,0x00000000c4000000)
 Metaspace       used 5797K, capacity 7024K, committed 7296K, reserved 1056768K
  class space    used 550K, capacity 616K, committed 640K, reserved 1048576K
}
Event: 8.951 GC heap before
{Heap before GC invocations=3 (full 0):
 PSYoungGen      total 53248K, used 53216K [0x00000000eab00000, 0x00000000ee300000, 0x0000000100000000)
  eden space 49152K, 100% used [0x00000000eab00000,0x00000000edb00000,0x00000000edb00000)
  from space 4096K, 99% used [0x00000000edf00000,0x00000000ee2f8028,0x00000000ee300000)
  to   space 4096K, 0% used [0x00000000edb00000,0x00000000edb00000,0x00000000edf00000)
 ParOldGen       total 65536K, used 4765K [0x00000000c0000000, 0x00000000c4000000, 0x00000000eab00000)
  object space 65536K, 7% used [0x00000000c0000000,0x00000000c04a74b8,0x00000000c4000000)
 Metaspace       used 5933K, capacity 7088K, committed 7296K, reserved 1056768K
  class space    used 568K, capacity 616K, committed 640K, reserved 1048576K
Event: 9.149 GC heap after
Heap after GC invocations=3 (full 0):
 PSYoungGen      total 53248K, used 4080K [0x00000000eab00000, 0x00000000f1300000, 0x0000000100000000)
  eden space 49152K, 0% used [0x00000000eab00000,0x00000000eab00000,0x00000000edb00000)
  from space 4096K, 99% used [0x00000000edb00000,0x00000000edefc038,0x00000000edf00000)
  to   space 4096K, 0% used [0x00000000f0f00000,0x00000000f0f00000,0x00000000f1300000)
 ParOldGen       total 65536K, used 12687K [0x00000000c0000000, 0x00000000c4000000, 0x00000000eab00000)
  object space 65536K, 19% used [0x00000000c0000000,0x00000000c0c63f88,0x00000000c4000000)
 Metaspace       used 5933K, capacity 7088K, committed 7296K, reserved 1056768K
  class space    used 568K, capacity 616K, committed 640K, reserved 1048576K
}
Event: 15.801 GC heap before
{Heap before GC invocations=4 (full 0):
 PSYoungGen      total 53248K, used 53232K [0x00000000eab00000, 0x00000000f1300000, 0x0000000100000000)
  eden space 49152K, 100% used [0x00000000eab00000,0x00000000edb00000,0x00000000edb00000)
  from space 4096K, 99% used [0x00000000edb00000,0x00000000edefc038,0x00000000edf00000)
  to   space 4096K, 0% used [0x00000000f0f00000,0x00000000f0f00000,0x00000000f1300000)
 ParOldGen       total 65536K, used 12687K [0x00000000c0000000, 0x00000000c4000000, 0x00000000eab00000)
  object space 65536K, 19% used [0x00000000c0000000,0x00000000c0c63f88,0x00000000c4000000)
 Metaspace       used 5998K, capacity 7088K, committed 7296K, reserved 1056768K
  class space    used 576K, capacity 616K, committed 640K, reserved 1048576K
Event: 16.906 GC heap after
Heap after GC invocations=4 (full 0):
 PSYoungGen      total 102400K, used 4083K [0x00000000eab00000, 0x00000000f1300000, 0x0000000100000000)
  eden space 98304K, 0% used [0x00000000eab00000,0x00000000eab00000,0x00000000f0b00000)
  from space 4096K, 99% used [0x00000000f0f00000,0x00000000f12fccb0,0x00000000f1300000)
  to   space 4096K, 0% used [0x00000000f0b00000,0x00000000f0b00000,0x00000000f0f00000)
 ParOldGen       total 65536K, used 20010K [0x00000000c0000000, 0x00000000c4000000, 0x00000000eab00000)
  object space 65536K, 30% used [0x00000000c0000000,0x00000000c138abf0,0x00000000c4000000)
 Metaspace       used 5998K, capacity 7088K, committed 7296K, reserved 1056768K
  class space    used 576K, capacity 616K, committed 640K, reserved 1048576K
}
Event: 19.768 GC heap before
{Heap before GC invocations=5 (full 0):
 PSYoungGen      total 102400K, used 102387K [0x00000000eab00000, 0x00000000f1300000, 0x0000000100000000)
  eden space 98304K, 100% used [0x00000000eab00000,0x00000000f0b00000,0x00000000f0b00000)
  from space 4096K, 99% used [0x00000000f0f00000,0x00000000f12fccb0,0x00000000f1300000)
  to   space 4096K, 0% used [0x00000000f0b00000,0x00000000f0b00000,0x00000000f0f00000)
 ParOldGen       total 65536K, used 20010K [0x00000000c0000000, 0x00000000c4000000, 0x00000000eab00000)
  object space 65536K, 30% used [0x00000000c0000000,0x00000000c138abf0,0x00000000c4000000)
 Metaspace       used 6051K, capacity 7152K, committed 7296K, reserved 1056768K
  class space    used 576K, capacity 616K, committed 640K, reserved 1048576K
Event: 20.009 GC heap after
Heap after GC invocations=5 (full 0):
 PSYoungGen      total 102400K, used 4081K [0x00000000eab00000, 0x00000000f9300000, 0x0000000100000000)
  eden space 98304K, 0% used [0x00000000eab00000,0x00000000eab00000,0x00000000f0b00000)
  from space 4096K, 99% used [0x00000000f0b00000,0x00000000f0efc688,0x00000000f0f00000)
  to   space 20480K, 0% used [0x00000000f7f00000,0x00000000f7f00000,0x00000000f9300000)
 ParOldGen       total 65536K, used 35082K [0x00000000c0000000, 0x00000000c4000000, 0x00000000eab00000)
  object space 65536K, 53% used [0x00000000c0000000,0x00000000c2242850,0x00000000c4000000)
 Metaspace       used 6051K, capacity 7152K, committed 7296K, reserved 1056768K
  class space    used 576K, capacity 616K, committed 640K, reserved 1048576K
}
Event: 21.342 GC heap before
{Heap before GC invocations=6 (full 0):
 PSYoungGen      total 102400K, used 102385K [0x00000000eab00000, 0x00000000f9300000, 0x0000000100000000)
  eden space 98304K, 100% used [0x00000000eab00000,0x00000000f0b00000,0x00000000f0b00000)
  from space 4096K, 99% used [0x00000000f0b00000,0x00000000f0efc688,0x00000000f0f00000)
  to   space 20480K, 0% used [0x00000000f7f00000,0x00000000f7f00000,0x00000000f9300000)
 ParOldGen       total 65536K, used 35082K [0x00000000c0000000, 0x00000000c4000000, 0x00000000eab00000)
  object space 65536K, 53% used [0x00000000c0000000,0x00000000c2242850,0x00000000c4000000)
 Metaspace       used 6063K, capacity 7152K, committed 7296K, reserved 1056768K
  class space    used 576K, capacity 616K, committed 640K, reserved 1048576K
Event: 21.743 GC heap after
Heap after GC invocations=6 (full 0):
 PSYoungGen      total 214016K, used 19580K [0x00000000eab00000, 0x00000000f9900000, 0x0000000100000000)
  eden space 193536K, 0% used [0x00000000eab00000,0x00000000eab00000,0x00000000f6800000)
  from space 20480K, 95% used [0x00000000f7f00000,0x00000000f921f2c0,0x00000000f9300000)
  to   space 23552K, 0% used [0x00000000f6800000,0x00000000f6800000,0x00000000f7f00000)
 ParOldGen       total 65536K, used 35090K [0x00000000c0000000, 0x00000000c4000000, 0x00000000eab00000)
  object space 65536K, 53% used [0x00000000c0000000,0x00000000c2244850,0x00000000c4000000)
 Metaspace       used 6063K, capacity 7152K, committed 7296K, reserved 1056768K
  class space    used 576K, capacity 616K, committed 640K, reserved 1048576K
}

Deoptimization events (10 events):
Event: 11.322 Thread 0x000000000258d800 Uncommon trap: reason=unreached action=reinterpret pc=0x0000000002cc5a9c method=java.util.HashMap.getNode(ILjava/lang/Object;)Ljava/util/HashMap$Node; @ 84
Event: 19.259 Thread 0x000000000258d800 Uncommon trap: reason=unreached action=reinterpret pc=0x0000000002e667d4 method=java.util.HashMap.resize()[Ljava/util/HashMap$Node; @ 206
Event: 20.866 Thread 0x000000000258d800 Uncommon trap: reason=unreached action=reinterpret pc=0x0000000002e57714 method=com.android.dx.ssa.MoveParamCombiner$1.visitNonMoveInsn(Lcom/android/dx/ssa/NormalSsaInsn;)V @ 27
Event: 21.020 Thread 0x000000000258d800 Uncommon trap: reason=bimorphic action=maybe_recompile pc=0x0000000002e786e8 method=com.android.dx.ssa.LiteralOpUpgrader.tryReplacingWithConstant(Lcom/android/dx/ssa/NormalSsaInsn;)Z @ 62
Event: 21.034 Thread 0x000000000258d800 Uncommon trap: reason=bimorphic action=maybe_recompile pc=0x0000000002e786e8 method=com.android.dx.ssa.LiteralOpUpgrader.tryReplacingWithConstant(Lcom/android/dx/ssa/NormalSsaInsn;)Z @ 62
Event: 22.859 Thread 0x000000000258d800 Uncommon trap: reason=class_check action=maybe_recompile pc=0x0000000002cdffa0 method=java.util.Arrays.hashCode([Ljava/lang/Object;)I @ 43
Event: 22.860 Thread 0x000000000258d800 Uncommon trap: reason=class_check action=maybe_recompile pc=0x0000000002cdffa0 method=java.util.Arrays.hashCode([Ljava/lang/Object;)I @ 43
Event: 22.860 Thread 0x000000000258d800 Uncommon trap: reason=class_check action=maybe_recompile pc=0x0000000002cdffa0 method=java.util.Arrays.hashCode([Ljava/lang/Object;)I @ 43
Event: 22.860 Thread 0x000000000258d800 Uncommon trap: reason=class_check action=maybe_recompile pc=0x0000000002cdffa0 method=java.util.Arrays.hashCode([Ljava/lang/Object;)I @ 43
Event: 22.860 Thread 0x000000000258d800 Uncommon trap: reason=class_check action=maybe_recompile pc=0x0000000002cda600 method=java.util.Arrays.hashCode([Ljava/lang/Object;)I @ 43

Internal exceptions (10 events):
Event: 8.768 Thread 0x000000000258d800 Exception <a 'java/security/PrivilegedActionException'> (0x00000000ed5f6b80) thrown at [D:\re\workspace\8-2-build-windows-amd64-cygwin\jdk8u20\1074\hotspot\src\share\vm\prims\jvm.cpp, line 1275]
Event: 8.768 Thread 0x000000000258d800 Exception <a 'java/security/PrivilegedActionException'> (0x00000000ed5f9360) thrown at [D:\re\workspace\8-2-build-windows-amd64-cygwin\jdk8u20\1074\hotspot\src\share\vm\prims\jvm.cpp, line 1275]
Event: 8.772 Thread 0x000000000258d800 Exception <a 'java/security/PrivilegedActionException'> (0x00000000ed610d70) thrown at [D:\re\workspace\8-2-build-windows-amd64-cygwin\jdk8u20\1074\hotspot\src\share\vm\prims\jvm.cpp, line 1275]
Event: 8.773 Thread 0x000000000258d800 Exception <a 'java/security/PrivilegedActionException'> (0x00000000ed6167d8) thrown at [D:\re\workspace\8-2-build-windows-amd64-cygwin\jdk8u20\1074\hotspot\src\share\vm\prims\jvm.cpp, line 1275]
Event: 8.774 Thread 0x000000000258d800 Exception <a 'java/security/PrivilegedActionException'> (0x00000000ed61bff8) thrown at [D:\re\workspace\8-2-build-windows-amd64-cygwin\jdk8u20\1074\hotspot\src\share\vm\prims\jvm.cpp, line 1275]
Event: 8.948 Thread 0x000000000258d800 Exception <a 'java/lang/ArrayIndexOutOfBoundsException': 18> (0x00000000edae7b70) thrown at [D:\re\workspace\8-2-build-windows-amd64-cygwin\jdk8u20\1074\hotspot\src\share\vm\interpreter\interpreterRuntime.cpp, line 366]
Event: 11.320 Thread 0x000000000258d800 Exception <a 'java/lang/ArrayIndexOutOfBoundsException'> (0x00000000ec1228b8) thrown at [D:\re\workspace\8-2-build-windows-amd64-cygwin\jdk8u20\1074\hotspot\src\share\vm\runtime\sharedRuntime.cpp, line 604]
Event: 11.321 Thread 0x000000000258d800 Exception <a 'java/lang/ArrayIndexOutOfBoundsException'> (0x00000000ec123ad0) thrown at [D:\re\workspace\8-2-build-windows-amd64-cygwin\jdk8u20\1074\hotspot\src\share\vm\runtime\sharedRuntime.cpp, line 604]
Event: 22.860 Thread 0x000000000258d800 Exception <a 'java/security/PrivilegedActionException'> (0x00000000ef8e4420) thrown at [D:\re\workspace\8-2-build-windows-amd64-cygwin\jdk8u20\1074\hotspot\src\share\vm\prims\jvm.cpp, line 1275]
Event: 23.104 Thread 0x000000000258d800 Exception <a 'java/security/PrivilegedActionException'> (0x00000000ef985d48) thrown at [D:\re\workspace\8-2-build-windows-amd64-cygwin\jdk8u20\1074\hotspot\src\share\vm\prims\jvm.cpp, line 1275]

Events (10 events):
Event: 23.104 loading class com/android/dx/dex/file/CatchStructs
Event: 23.104 loading class com/android/dx/dex/file/CatchStructs done
Event: 23.243 Thread 0x000000000258d800 DEOPT PACKING pc=0x0000000002fa1454 sp=0x000000000268ec00
Event: 23.243 Thread 0x000000000258d800 DEOPT UNPACKING pc=0x00000000027e71bf sp=0x000000000268e990 mode 0
Event: 23.247 Thread 0x000000000258d800 DEOPT PACKING pc=0x0000000002f9f558 sp=0x000000000268eb20
Event: 23.247 Thread 0x000000000258d800 DEOPT UNPACKING pc=0x00000000027e71bf sp=0x000000000268e8c8 mode 0
Event: 23.300 Thread 0x000000000258d800 DEOPT PACKING pc=0x0000000002fa1e84 sp=0x000000000268ec30
Event: 23.300 Thread 0x000000000258d800 DEOPT UNPACKING pc=0x00000000027e71bf sp=0x000000000268e980 mode 0
Event: 23.328 Thread 0x000000000258d800 DEOPT PACKING pc=0x0000000002fa2b08 sp=0x000000000268ecc0
Event: 23.328 Thread 0x000000000258d800 DEOPT UNPACKING pc=0x00000000027e71bf sp=0x000000000268ea40 mode 0


Dynamic libraries:
0x00007ff74c390000 - 0x00007ff74c3c4000 	C:\Program Files\Java\jdk1.8.0_20\bin\java.exe
0x00007ffb78220000 - 0x00007ffb783cc000 	C:\Windows\SYSTEM32\ntdll.dll
0x00007ffb75c30000 - 0x00007ffb75d6e000 	C:\Windows\system32\KERNEL32.DLL
0x00007ffb75450000 - 0x00007ffb75565000 	C:\Windows\system32\KERNELBASE.dll
0x00007ffb73f20000 - 0x00007ffb73fae000 	C:\Windows\system32\apphelp.dll
0x00007ffb71150000 - 0x00007ffb711a3000 	C:\Windows\AppPatch\AppPatch64\AcGenral.DLL
0x00007ffb76380000 - 0x00007ffb7642a000 	C:\Windows\system32\msvcrt.dll
0x00007ffb75220000 - 0x00007ffb7524e000 	C:\Windows\SYSTEM32\SspiCli.dll
0x00007ffb76240000 - 0x00007ffb76294000 	C:\Windows\system32\SHLWAPI.dll
0x00007ffb75f10000 - 0x00007ffb76087000 	C:\Windows\system32\USER32.dll
0x00007ffb75d70000 - 0x00007ffb75f04000 	C:\Windows\system32\ole32.dll
0x00007ffb76d00000 - 0x00007ffb78219000 	C:\Windows\system32\SHELL32.dll
0x00007ffb749a0000 - 0x00007ffb749c1000 	C:\Windows\SYSTEM32\USERENV.dll
0x00007ffb76580000 - 0x00007ffb7662a000 	C:\Windows\system32\ADVAPI32.dll
0x00007ffb68d60000 - 0x00007ffb68d7e000 	C:\Windows\SYSTEM32\MPR.dll
0x00007ffb76430000 - 0x00007ffb76571000 	C:\Windows\system32\RPCRT4.dll
0x00007ffb75b60000 - 0x00007ffb75bb9000 	C:\Windows\SYSTEM32\sechost.dll
0x00007ffb76630000 - 0x00007ffb76841000 	C:\Windows\SYSTEM32\combase.dll
0x00007ffb76b50000 - 0x00007ffb76c9f000 	C:\Windows\system32\GDI32.dll
0x00007ffb75380000 - 0x00007ffb75395000 	C:\Windows\SYSTEM32\profapi.dll
0x00007ffb73950000 - 0x00007ffb73a02000 	C:\Windows\SYSTEM32\SHCORE.dll
0x00007ffb75bf0000 - 0x00007ffb75c26000 	C:\Windows\system32\IMM32.DLL
0x00007ffb768c0000 - 0x00007ffb76a12000 	C:\Windows\system32\MSCTF.dll
0x00007ffb73470000 - 0x00007ffb736ea000 	C:\Windows\WinSxS\amd64_microsoft.windows.common-controls_6595b64144ccf1df_6.0.9600.17810_none_6240b9c7ecbd0bda\COMCTL32.dll
0x0000000063800000 - 0x00000000638d2000 	C:\Program Files\Java\jdk1.8.0_20\jre\bin\msvcr100.dll
0x0000000063c80000 - 0x00000000644d8000 	C:\Program Files\Java\jdk1.8.0_20\jre\bin\server\jvm.dll
0x00007ffb71f60000 - 0x00007ffb71f69000 	C:\Windows\SYSTEM32\WSOCK32.dll
0x00007ffb6e110000 - 0x00007ffb6e132000 	C:\Windows\SYSTEM32\WINMM.dll
0x00007ffb76360000 - 0x00007ffb76367000 	C:\Windows\system32\PSAPI.DLL
0x00007ffb76850000 - 0x00007ffb768aa000 	C:\Windows\system32\WS2_32.dll
0x00007ffb6e0d0000 - 0x00007ffb6e0fa000 	C:\Windows\SYSTEM32\WINMMBASE.dll
0x00007ffb76370000 - 0x00007ffb76379000 	C:\Windows\system32\NSI.dll
0x00007ffb75570000 - 0x00007ffb755bf000 	C:\Windows\SYSTEM32\cfgmgr32.dll
0x00007ffb74170000 - 0x00007ffb74198000 	C:\Windows\SYSTEM32\DEVOBJ.dll
0x0000000063c70000 - 0x0000000063c7f000 	C:\Program Files\Java\jdk1.8.0_20\jre\bin\verify.dll
0x0000000063c40000 - 0x0000000063c68000 	C:\Program Files\Java\jdk1.8.0_20\jre\bin\java.dll
0x0000000063c20000 - 0x0000000063c36000 	C:\Program Files\Java\jdk1.8.0_20\jre\bin\zip.dll
0x00007ffb71520000 - 0x00007ffb716a9000 	C:\Windows\SYSTEM32\dbghelp.dll

VM Arguments:
jvm_args: -Xmx1024M -Dfile.encoding=windows-1250 -Duser.country=US -Duser.language=en -Duser.variant 
java_command: com.android.dx.command.Main --dex --output C:\adev\drag-sort-listview\demo\build\intermediates\pre-dexed\debug\classes-00039195e84d80ee9b2cffc97c4133e91287ce9b.jar C:\adev\drag-sort-listview\demo\build\intermediates\exploded-aar\com.android.support\support-v4\22.1.1\jars\classes.jar
java_class_path (initial): C:\Users\Lukas\AppData\Local\Android\sdk1\build-tools\22.0.1\lib\dx.jar
Launcher Type: SUN_STANDARD

Environment Variables:
JAVA_HOME=C:\Program Files\Java\jdk1.8.0_20
PATH=C:\Program Files\ImageMagick-6.9.0-Q16;C:\ProgramData\Oracle\Java\javapath;C:\Windows\system32;C:\Windows;C:\Windows\System32\Wbem;C:\Windows\System32\WindowsPowerShell\v1.0\;C:\Program Files (x86)\Git\cmd;C:\Program Files (x86)\Git\bin;C:\dev\php56\;C:\dev\apache24\bin\;C:\Program Files\nodejs\;C:\Program Files\MongoDB 2.6 Standard\bin;C:\ProgramData\ComposerSetup\bin;C:\dev\php53\;C:\Program Files (x86)\Windows Kits\8.1\Windows Performance Toolkit\;C:\Program Files\Microsoft SQL Server\110\Tools\Binn\;C:\Program Files\MATLAB\R2014b\bin;C:\Program Files (x86)\MiKTeX 2.9\miktex\bin\;C:\Program Files\Google\Cloud SDK\google-cloud-sdk\bin;C:\Program Files\Microsoft\Web Platform Installer\;C:\Program Files (x86)\Microsoft SDKs\TypeScript\1.0\;C:\Program Files\Microsoft SQL Server\120\Tools\Binn\;C:\Program Files (x86)\Skype\Phone\;C:\Ruby22-x64\bin;C:\Users\Lukáš\AppData\Roaming\npm;C:\Program Files\Apache Software Foundation\apache-maven-3.3.1\bin;C:\Users\Lukas\AppData\Roaming\Composer\vendor\bin;C:\gradle-2.5\bin;C:\Users\Lukas\AppData\Roaming\npm
USERNAME=Lukas
OS=Windows_NT
PROCESSOR_IDENTIFIER=Intel64 Family 6 Model 23 Stepping 10, GenuineIntel



---------------  S Y S T E M  ---------------

OS: Windows 8.1 , 64 bit Build 9600 

CPU:total 2 (2 cores per cpu, 1 threads per core) family 6 model 23 stepping 10, cmov, cx8, fxsr, mmx, sse, sse2, sse3, ssse3, sse4.1, tsc

Memory: 4k page, physical 6219800k(878788k free), swap 9365528k(5664k free)

vm_info: Java HotSpot(TM) 64-Bit Server VM (25.20-b23) for windows-amd64 JRE (1.8.0_20-b26), built on Jul 30 2014 13:51:23 by "java_re" with MS VC++ 10.0 (VS2010)

time: Wed Sep 09 13:36:57 2015
elapsed time: 23 seconds (0d 0h 0m 23s)

